This is pdfTeXk, Version 3.141592-1.40.3 (Web2C 7.5.6) (format=latex 2008.6.23)  6 APR 2010 21:13
entering extended mode
 %&-line parsing enabled.
**poster.tex
(./poster.tex
LaTeX2e <2005/12/01>
Babel <v3.8h> and hyphenation patterns for english, usenglishmax, dumylang, noh
yphenation, spanish, catalan, galician, loaded.
(/usr/share/texmf-texlive/tex/latex/a0poster/a0poster.cls
Document Class: a0poster 2004/01/31 v1.22b a0poster class (GK, MW)
(/usr/share/texmf-texlive/tex/latex/base/article.cls
Document Class: article 2005/09/16 v1.4f Standard LaTeX document class
(/usr/share/texmf-texlive/tex/latex/base/size10.clo
File: size10.clo 2005/09/16 v1.4f Standard LaTeX file (size option)
)
\c@part=\count79
\c@section=\count80
\c@subsection=\count81
\c@subsubsection=\count82
\c@paragraph=\count83
\c@subparagraph=\count84
\c@figure=\count85
\c@table=\count86
\abovecaptionskip=\skip41
\belowcaptionskip=\skip42
\bibindent=\dimen102
)
\xkoord=\count87
\ykoord=\count88
\xscale=\count89
\yscale=\count90
\Ausgabe=\write3
\openout3 = `a0header.ps'.


(/usr/share/texmf-texlive/tex/latex/a0poster/a0size.sty
File: a0size.sty 2004/01/31 v1.22b a0poster class (GK, MW)
LaTeX Font Info:    Redeclaring symbol font `largesymbols' on input line 229.
LaTeX Font Info:    Overwriting symbol font `largesymbols' in version `normal'
(Font)                  OMX/cmex/m/n --> OMX/cmex/m/n on input line 229.
LaTeX Font Info:    Overwriting symbol font `largesymbols' in version `bold'
(Font)                  OMX/cmex/m/n --> OMX/cmex/m/n on input line 229.
\big@size=\dimen103
))
(/usr/share/texmf-texlive/tex/latex/textpos/textpos.sty
Package: textpos 2006/09/02 v1.7a

Package: `textpos' 1.7a <2006 September 2>
(/usr/share/texmf-texlive/tex/latex/everyshi/everyshi.sty
Package: everyshi 2001/05/15 v3.00 EveryShipout Package (MS)
)
\TP@textbox=\box26
\TP@holdbox=\box27
\TPHorizModule=\dimen104
\TPVertModule=\dimen105
\TP@margin=\dimen106
\TP@absmargin=\dimen107

Grid set 16 x 16 = 211.29729pt x 149.30585pt
\TPboxrulesize=\dimen108
\TP@ox=\dimen109
\TP@oy=\dimen110
\TP@tbargs=\toks14
\TP@prevdepth=\dimen111
TextBlockOrigin set to 0pt x 0pt
) (/usr/share/texmf-texlive/tex/latex/ltxmisc/url.sty
\Urlmuskip=\muskip10
Package: url 2005/06/27  ver 3.2  Verb mode for urls, etc.
)
(/usr/share/texmf-texlive/tex/latex/graphics/graphicx.sty
Package: graphicx 1999/02/16 v1.0f Enhanced LaTeX Graphics (DPC,SPQR)

(/usr/share/texmf-texlive/tex/latex/graphics/keyval.sty
Package: keyval 1999/03/16 v1.13 key=value parser (DPC)
\KV@toks@=\toks15
)
(/usr/share/texmf-texlive/tex/latex/graphics/graphics.sty
Package: graphics 2006/02/20 v1.0o Standard LaTeX Graphics (DPC,SPQR)

(/usr/share/texmf-texlive/tex/latex/graphics/trig.sty
Package: trig 1999/03/16 v1.09 sin cos tan (DPC)
)
(/etc/texmf/tex/latex/config/graphics.cfg
File: graphics.cfg 2007/01/18 v1.5 graphics configuration of teTeX/TeXLive
)
Package graphics Info: Driver file: dvips.def on input line 90.

(/usr/share/texmf-texlive/tex/latex/graphics/dvips.def
File: dvips.def 1999/02/16 v3.0i Driver-dependant file (DPC,SPQR)
))
\Gin@req@height=\dimen112
\Gin@req@width=\dimen113
)
(/usr/share/texmf-texlive/tex/latex/wrapfig/wrapfig.sty
\wrapoverhang=\dimen114
\WF@size=\dimen115
\c@WF@wrappedlines=\count91
\WF@box=\box28
\WF@everypar=\toks16
Package: wrapfig 2003/01/31  v 3.6
)
(/usr/share/texmf-texlive/tex/latex/psnfss/times.sty
Package: times 2005/04/12 PSNFSS-v9.2a (SPQR) 
)
(/usr/share/texmf-texlive/tex/latex/hyphenat/hyphenat.sty
Package: hyphenat 2001/01/02 v2.3a hyphenation utilities
\langwohyphens=\language7
LaTeX Info: Redefining \_ on input line 34.
)
(/usr/share/texmf-texlive/tex/latex/graphics/color.sty
Package: color 2005/11/14 v1.0j Standard LaTeX Color (DPC)
LaTeX Info: Redefining \color on input line 76.

(/etc/texmf/tex/latex/config/color.cfg
File: color.cfg 2007/01/18 v1.5 color configuration of teTeX/TeXLive
)
Package color Info: Driver file: dvips.def on input line 130.

(/usr/share/texmf-texlive/tex/latex/graphics/dvipsnam.def
File: dvipsnam.def 1999/02/16 v3.0i Driver-dependant file (DPC,SPQR)
))
Grid set 23 x 12 = 137.0928pt x 180.10596pt
TextBlockOrigin set to 40mm x 40mm
(./poster.aux)
\openout1 = `poster.aux'.

LaTeX Font Info:    Checking defaults for OML/cmm/m/it on input line 65.
LaTeX Font Info:    ... okay on input line 65.
LaTeX Font Info:    Checking defaults for T1/cmr/m/n on input line 65.
LaTeX Font Info:    ... okay on input line 65.
LaTeX Font Info:    Checking defaults for OT1/cmr/m/n on input line 65.
LaTeX Font Info:    ... okay on input line 65.
LaTeX Font Info:    Checking defaults for OMS/cmsy/m/n on input line 65.
LaTeX Font Info:    ... okay on input line 65.
LaTeX Font Info:    Checking defaults for OMX/cmex/m/n on input line 65.
LaTeX Font Info:    ... okay on input line 65.
LaTeX Font Info:    Checking defaults for U/cmr/m/n on input line 65.
LaTeX Font Info:    ... okay on input line 65.
LaTeX Font Info:    Try loading font information for OT1+ptm on input line 65.
 (/usr/share/texmf-texlive/tex/latex/psnfss/ot1ptm.fd
File: ot1ptm.fd 2001/06/04 font definitions for OT1/ptm.
)
ABD: EveryShipout initializing macros (./background.tex
! Undefined control sequence.
l.1 ...ience departments across the country \citep
                                                  {Sung}, \citep{Wu}, \citep...

? 
! Undefined control sequence.
l.1 ...nts across the country \citep{Sung}, \citep
                                                  {Wu}, \citep{Leutenegger}....

? 
! Undefined control sequence.
l.1 ...he country \citep{Sung}, \citep{Wu}, \citep
                                                  {Leutenegger}.  The divers...

? 
! Undefined control sequence.
l.1 ...women participating in these classes \citep
                                                  {Sung}, \citep{Wu}.  One o...

? 
! Undefined control sequence.
l.1 ...ating in these classes \citep{Sung}, \citep
                                                  {Wu}.  One of the more pro...

? 
! Undefined control sequence.
l.1 ...y also provide increases in learning \citep
                                                  {Wu}, \citep{deLaet}, \cit...

? 
! Undefined control sequence.
l.1 ...de increases in learning \citep{Wu}, \citep
                                                  {deLaet}, \citep{Bayliss},...

? 
! Undefined control sequence.
l.1 ...learning \citep{Wu}, \citep{deLaet}, \citep
                                                  {Bayliss}, \citep{Wolz}, \...

? 
! Undefined control sequence.
l.1 ...u}, \citep{deLaet}, \citep{Bayliss}, \citep
                                                  {Wolz}, \citep{Flavor}, \c...

? 
! Undefined control sequence.
l.1 ...aet}, \citep{Bayliss}, \citep{Wolz}, \citep
                                                  {Flavor}, \citep{Belfore}....

? 
! Undefined control sequence.
l.1 ...liss}, \citep{Wolz}, \citep{Flavor}, \citep
                                                  {Belfore}.  With this in m...

? 
)
Overfull \hbox (47.20584pt too wide) in paragraph at lines 129--132
[]\OT1/ptm/m/n/43 Background[] \OT1/ptm/m/n/28 Since 2000, there has been a gen
-eral de-crease in en-roll-ment
 []


Overfull \hbox (22.25081pt too wide) in paragraph at lines 129--132
\OT1/ptm/m/n/28 and re-ten-tion of stu-dents in com-puter sci-ence de-part-ment
s across the coun-try
 []


Overfull \hbox (27.1232pt too wide) in paragraph at lines 129--132
\OT1/ptm/m/n/28 has also been shown to de-crease in upper-level courses, with f
ewer mi-nori-ties
 []


LaTeX Warning: File `Hierarchy.eps' not found on input line 136.


! LaTeX Error: File `Hierarchy.eps' not found.

See the LaTeX manual or LaTeX Companion for explanation.
Type  H <return>  for immediate help.
 ...                                              
                                                  
l.136 \includegraphics[scale=2.4]{Hierarchy.eps}
                                                
? 

! LaTeX Error: Cannot determine size of graphic in Hierarchy.eps (no BoundingBo
x).

See the LaTeX manual or LaTeX Companion for explanation.
Type  H <return>  for immediate help.
 ...                                              
                                                  
l.136 \includegraphics[scale=2.4]{Hierarchy.eps}
                                                
? 
File: Hierarchy.eps Graphic file (type eps)
<Hierarchy.eps>

LaTeX Warning: File `Hierarchy.eps' not found on input line 143.


! LaTeX Error: File `Hierarchy.eps' not found.

See the LaTeX manual or LaTeX Companion for explanation.
Type  H <return>  for immediate help.
 ...                                              
                                                  
l.143 \includegraphics[scale=2.4]{Hierarchy.eps}
                                                
? 

! LaTeX Error: Cannot determine size of graphic in Hierarchy.eps (no BoundingBo
x).

See the LaTeX manual or LaTeX Companion for explanation.
Type  H <return>  for immediate help.
 ...                                              
                                                  
l.143 \includegraphics[scale=2.4]{Hierarchy.eps}
                                                
? 
File: Hierarchy.eps Graphic file (type eps)
<Hierarchy.eps> (./digilogi.tex
! Undefined control sequence.
l.1 ... as a hierarchy, as seen in Figure 1 \citep
                                                  {Tanenbaum}.  Programmers ...

? 
) (./storyline.tex) (./gameplay.tex)
File: ScreenShot.eps Graphic file (type eps)
 <ScreenShot.eps> (./learning_goals.tex)
Overfull \hbox (21.80788pt too wide) in paragraph at lines 187--190
[]\OT1/ptm/m/n/43 Learning Goals[] \OT1/ptm/m/it/28 Com-puter City: Sew-ers \OT
1/ptm/m/n/28 hopes to teach the fol-low-ing
 []

! Missing } inserted.
<inserted text> 
                }
l.190 \end{textblock}
                     
? 
(./design_strategies.tex)
Overfull \hbox (47.573pt too wide) in paragraph at lines 196--198
[]\OT1/ptm/m/n/43 Design Strate-gies[] \OT1/ptm/m/n/28 These strate-gies were o
b-tained from re-search
 []


Overfull \hbox (72.54277pt too wide) in paragraph at lines 196--198
\OT1/ptm/m/n/28 on the com-mon de-sign prac-tices of ed-u-ca-tional com-puter g
ame de-vel-op-ers.
 []


Overfull \hbox (16.65346pt too wide) in paragraph at lines 196--198
\OT1/ptm/m/n/28 real-world ap-pli-ca-tions -- Ob-jects in the game should close
ly re-sem-ble
 []


Overfull \hbox (30.1502pt too wide) in paragraph at lines 196--198
\OT1/ptm/m/n/28 both mo-ti-va-tion and the amount of ma-te-rial learned. Con-st
ant feed-back
 []

(./goals_for_the_future.tex)
Overfull \hbox (11.22202pt too wide) in paragraph at lines 204--206
\OT1/ptm/m/n/28 The player learns about the mi-croar-chi-tec-ture level and its
 con-nec-tion
 []


! LaTeX Error: File `references.tex' not found.

Type X to quit or <RETURN> to proceed,
or enter new name. (Default extension: tex)

Enter file name: 
[1

] (./poster.aux) ) 
Here is how much of TeX's memory you used:
 1124 strings out of 95038
 17489 string characters out of 1182347
 64130 words of memory out of 1500000
 4299 multiletter control sequences out of 10000+50000
 8099 words of font info for 23 fonts, out of 1200000 for 2000
 54 hyphenation exceptions out of 8191
 29i,5n,19p,1148b,243s stack positions out of 5000i,500n,6000p,200000b,5000s

Output written on poster.dvi (1 page, 8512 bytes).
